2017-05-09 14:04:27,501 INFO (StartupInfoLogger.java:48)- Starting IdGeneratorApplication on pysasuke-PC with PID 5452 (E:\id-generator\target\classes started by pysasuke in E:\id-generator)
2017-05-09 14:04:27,505 DEBUG (StartupInfoLogger.java:51)- Running with Spring Boot v1.5.3.RELEASE, Spring v4.3.8.RELEASE
2017-05-09 14:04:27,506 INFO (SpringApplication.java:637)- No active profile set, falling back to default profiles: default
2017-05-09 14:04:51,642 INFO (StartupInfoLogger.java:48)- Starting IdGeneratorApplication on pysasuke-PC with PID 8500 (E:\id-generator\target\classes started by pysasuke in E:\id-generator)
2017-05-09 14:04:51,646 DEBUG (StartupInfoLogger.java:51)- Running with Spring Boot v1.5.3.RELEASE, Spring v4.3.8.RELEASE
2017-05-09 14:04:51,647 INFO (SpringApplication.java:637)- No active profile set, falling back to default profiles: default
2017-05-09 14:04:57,974 INFO (StartupInfoLogger.java:57)- Started IdGeneratorApplication in 6.8 seconds (JVM running for 7.661)
2017-05-09 14:07:36,321 DEBUG (StringRedisController.java:26)- getSection:serviceId=01,size=5000
2017-05-09 14:07:36,662 INFO (GenneratorService.java:55)- 获取成功，区间为：[10001,15000]
2017-05-09 14:07:39,369 DEBUG (StringRedisController.java:26)- getSection:serviceId=01,size=5000
2017-05-09 14:07:39,372 INFO (GenneratorService.java:55)- 获取成功，区间为：[15001,20000]
2017-05-09 14:07:40,237 DEBUG (StringRedisController.java:26)- getSection:serviceId=01,size=5000
2017-05-09 14:07:40,238 INFO (GenneratorService.java:55)- 获取成功，区间为：[20001,25000]
2017-05-09 14:07:40,996 DEBUG (StringRedisController.java:26)- getSection:serviceId=01,size=5000
2017-05-09 14:07:40,998 INFO (GenneratorService.java:55)- 获取成功，区间为：[25001,30000]
2017-05-09 14:07:41,774 DEBUG (StringRedisController.java:26)- getSection:serviceId=01,size=5000
2017-05-09 14:07:41,775 INFO (GenneratorService.java:55)- 获取成功，区间为：[30001,35000]
2017-05-09 14:07:42,370 DEBUG (StringRedisController.java:26)- getSection:serviceId=01,size=5000
2017-05-09 14:07:42,372 INFO (GenneratorService.java:55)- 获取成功，区间为：[35001,40000]
2017-05-09 14:07:48,765 DEBUG (StringRedisController.java:26)- getSection:serviceId=02,size=5000
2017-05-09 14:07:48,767 INFO (GenneratorService.java:55)- 获取成功，区间为：[75001,80000]
2017-05-09 14:07:49,519 DEBUG (StringRedisController.java:26)- getSection:serviceId=02,size=5000
2017-05-09 14:07:49,520 INFO (GenneratorService.java:55)- 获取成功，区间为：[80001,85000]
2017-05-09 14:07:50,566 DEBUG (StringRedisController.java:26)- getSection:serviceId=02,size=5000
2017-05-09 14:07:50,568 INFO (GenneratorService.java:55)- 获取成功，区间为：[85001,90000]
2017-05-09 14:07:51,186 DEBUG (StringRedisController.java:26)- getSection:serviceId=02,size=5000
2017-05-09 14:07:51,187 INFO (GenneratorService.java:55)- 获取成功，区间为：[90001,95000]
2017-05-09 14:08:31,266 INFO (StartupInfoLogger.java:48)- Starting IdGeneratorApplication on pysasuke-PC with PID 8160 (E:\id-generator\target\classes started by pysasuke in E:\id-generator)
2017-05-09 14:08:31,271 DEBUG (StartupInfoLogger.java:51)- Running with Spring Boot v1.5.3.RELEASE, Spring v4.3.8.RELEASE
2017-05-09 14:08:31,272 INFO (SpringApplication.java:637)- No active profile set, falling back to default profiles: default
2017-05-09 14:08:35,858 INFO (StartupInfoLogger.java:57)- Started IdGeneratorApplication in 5.18 seconds (JVM running for 6.158)
2017-05-09 14:08:54,731 DEBUG (StringRedisController.java:26)- getSection:serviceId=02,size=5000
2017-05-09 14:08:54,791 INFO (GenneratorService.java:55)- 获取成功，区间为：[1,5000]
2017-05-09 14:08:56,582 DEBUG (StringRedisController.java:26)- getSection:serviceId=02,size=5000
2017-05-09 14:08:56,587 INFO (GenneratorService.java:55)- 获取成功，区间为：[5001,10000]
2017-05-09 14:08:57,339 DEBUG (StringRedisController.java:26)- getSection:serviceId=02,size=5000
2017-05-09 14:08:57,342 INFO (GenneratorService.java:55)- 获取成功，区间为：[10001,15000]
2017-05-09 14:09:02,002 DEBUG (StringRedisController.java:26)- getSection:serviceId=01,size=5000
2017-05-09 14:09:02,007 INFO (GenneratorService.java:55)- 获取成功，区间为：[1,5000]
2017-05-09 14:09:03,854 DEBUG (StringRedisController.java:26)- getSection:serviceId=01,size=5000
2017-05-09 14:09:03,856 INFO (GenneratorService.java:55)- 获取成功，区间为：[5001,10000]
2017-05-09 14:09:04,366 DEBUG (StringRedisController.java:26)- getSection:serviceId=01,size=5000
2017-05-09 14:09:04,369 INFO (GenneratorService.java:55)- 获取成功，区间为：[10001,15000]
2017-05-09 14:09:05,469 DEBUG (StringRedisController.java:26)- getSection:serviceId=01,size=5000
2017-05-09 14:09:05,471 INFO (GenneratorService.java:55)- 获取成功，区间为：[15001,20000]
2017-05-09 14:09:05,985 DEBUG (StringRedisController.java:26)- getSection:serviceId=01,size=5000
2017-05-09 14:09:05,986 INFO (GenneratorService.java:55)- 获取成功，区间为：[20001,25000]
